Requested note ID: index.html
Requested note ID: 
Requested note ID: 
Requested note ID: index
Requested note ID: index
Requested note ID: 
Requested note ID: 
Requested note ID: 
Requested note ID: 
Requested note ID: 
Requested note ID: index
Requested note ID: 
Requested note ID: 
Requested note ID: index
Requested note ID: 
Requested note ID: index
Requested note ID: index
Requested note ID: index
Requested note ID: index
Requested note ID: index
Requested note ID: file.md
Requested note ID: file.md
Requested note ID: file.md
Requested note ID: file.md
Requested note ID: file.md
Requested note ID: file.md
Requested note ID: file.md
Requested note ID: file.md
Requested note ID: file.md
Requested note ID: file.md
Requested note ID: file.md
Requested note ID: file.md
Requested note ID: file.md
Requested note ID: file.md
Requested note ID: file.md
Requested note ID: file.md
Requested note ID: file.md
Requested note ID: file.md
Requested note ID: a.jpg
Requested note ID: a.jpg
Requested note ID: a.jpg
Requested note ID: a.jpg
Requested note ID: file.md
